[ 2018-06-01T10:22:34+08:00 ] ::1 /thinkphp_3.2.3_restful/user/1.json
INFO: [ app_init ] --START--
INFO: Run Behavior\BuildLiteBehavior [ RunTime:0.000046s ]
INFO: [ app_init ] --END-- [ RunTime:0.000457s ]
ERR: 无法加载模块:User

[ 2018-06-01T10:24:12+08:00 ] ::1 /thinkphp_3.2.3_restful/user/1.json
INFO: [ app_init ] --START--
INFO: Run Behavior\BuildLiteBehavior [ RunTime:0.000021s ]
INFO: [ app_init ] --END-- [ RunTime:0.000426s ]
ERR: 无法加载模块:User

[ 2018-06-01T10:24:15+08:00 ] ::1 /thinkphp_3.2.3_restful/user/5
INFO: [ app_init ] --START--
INFO: Run Behavior\BuildLiteBehavior [ RunTime:0.000014s ]
INFO: [ app_init ] --END-- [ RunTime:0.000340s ]
ERR: 无法加载模块:User

[ 2018-06-01T10:26:20+08:00 ] ::1 /thinkphp_3.2.3_restful/user/1.json
INFO: [ app_init ] --START--
INFO: Run Behavior\BuildLiteBehavior [ RunTime:0.000022s ]
INFO: [ app_init ] --END-- [ RunTime:0.000421s ]
ERR: 无法加载模块:User

[ 2018-06-01T11:08:48+08:00 ] ::1 /thinkphp_3.2.3_restful/user/1.xml
INFO: [ app_init ] --START--
INFO: Run Behavior\BuildLiteBehavior [ RunTime:0.000032s ]
INFO: [ app_init ] --END-- [ RunTime:0.000660s ]
ERR: 无法加载模块:User

[ 2018-06-01T11:09:09+08:00 ] ::1 /thinkphp_3.2.3_restful/user/1.xml
INFO: [ app_init ] --START--
INFO: Run Behavior\BuildLiteBehavior [ RunTime:0.000034s ]
INFO: [ app_init ] --END-- [ RunTime:0.000792s ]
ERR: 无法加载模块:User

[ 2018-06-01T11:14:34+08:00 ] ::1 /thinkphp_3.2.3_restful/user/1.xml
INFO: [ app_init ] --START--
INFO: Run Behavior\BuildLiteBehavior [ RunTime:0.000024s ]
INFO: [ app_init ] --END-- [ RunTime:0.000550s ]
ERR: 无法加载模块:User

[ 2018-06-01T12:02:12+08:00 ] ::1 /thinkphp_3.2.3_restful/user/
INFO: [ app_init ] --START--
INFO: Run Behavior\BuildLiteBehavior [ RunTime:0.000023s ]
INFO: [ app_init ] --END-- [ RunTime:0.000714s ]
ERR: 无法加载模块:User

[ 2018-06-01T12:02:31+08:00 ] ::1 /thinkphp_3.2.3_restful/user/
INFO: [ app_init ] --START--
INFO: Run Behavior\BuildLiteBehavior [ RunTime:0.000014s ]
INFO: [ app_init ] --END-- [ RunTime:0.000314s ]
ERR: 无法加载模块:User

[ 2018-06-01T12:02:47+08:00 ] ::1 /thinkphp_3.2.3_restful/user/
INFO: [ app_init ] --START--
INFO: Run Behavior\BuildLiteBehavior [ RunTime:0.000012s ]
INFO: [ app_init ] --END-- [ RunTime:0.000314s ]
ERR: 无法加载模块:User

[ 2018-06-01T12:02:48+08:00 ] ::1 /thinkphp_3.2.3_restful/user/
INFO: [ app_init ] --START--
INFO: Run Behavior\BuildLiteBehavior [ RunTime:0.000014s ]
INFO: [ app_init ] --END-- [ RunTime:0.000360s ]
ERR: 无法加载模块:User

[ 2018-06-01T12:03:33+08:00 ] ::1 /thinkphp_3.2.3_restful/user/
INFO: [ app_init ] --START--
INFO: Run Behavior\BuildLiteBehavior [ RunTime:0.000038s ]
INFO: [ app_init ] --END-- [ RunTime:0.001347s ]
ERR: 无法加载模块:User

[ 2018-06-01T12:03:33+08:00 ] ::1 /thinkphp_3.2.3_restful/user/
INFO: [ app_init ] --START--
INFO: Run Behavior\BuildLiteBehavior [ RunTime:0.000040s ]
INFO: [ app_init ] --END-- [ RunTime:0.000633s ]
ERR: 无法加载模块:User

[ 2018-06-01T12:07:53+08:00 ] ::1 /thinkphp_3.2.3_restful/user/2
INFO: [ app_init ] --START--
INFO: Run Behavior\BuildLiteBehavior [ RunTime:0.000030s ]
INFO: [ app_init ] --END-- [ RunTime:0.000489s ]
ERR: 无法加载模块:User

[ 2018-06-01T12:11:07+08:00 ] ::1 /thinkphp_3.2.3_restful/user/1&method_type=get.json
INFO: [ app_init ] --START--
INFO: Run Behavior\BuildLiteBehavior [ RunTime:0.000032s ]
INFO: [ app_init ] --END-- [ RunTime:0.001917s ]
ERR: 无法加载模块:User

[ 2018-06-01T14:54:49+08:00 ] ::1 /thinkphp_3.2.3_restful/user/
INFO: [ app_init ] --START--
INFO: Run Behavior\BuildLiteBehavior [ RunTime:0.000018s ]
INFO: [ app_init ] --END-- [ RunTime:0.000442s ]
ERR: 无法加载模块:User

[ 2018-06-01T14:55:14+08:00 ] ::1 /thinkphp_3.2.3_restful/user/
INFO: [ app_init ] --START--
INFO: Run Behavior\BuildLiteBehavior [ RunTime:0.000020s ]
INFO: [ app_init ] --END-- [ RunTime:0.000487s ]
ERR: 无法加载模块:User

[ 2018-06-01T14:55:59+08:00 ] ::1 /thinkphp_3.2.3_restful/user/
INFO: [ app_init ] --START--
INFO: Run Behavior\BuildLiteBehavior [ RunTime:0.000013s ]
INFO: [ app_init ] --END-- [ RunTime:0.000311s ]
ERR: 无法加载模块:User

[ 2018-06-01T14:56:59+08:00 ] ::1 /thinkphp_3.2.3_restful/user/
INFO: [ app_init ] --START--
INFO: Run Behavior\BuildLiteBehavior [ RunTime:0.000013s ]
INFO: [ app_init ] --END-- [ RunTime:0.000318s ]
ERR: 无法加载模块:User

[ 2018-06-01T15:03:13+08:00 ] ::1 /thinkphp_3.2.3_restful/user/
INFO: [ app_init ] --START--
INFO: Run Behavior\BuildLiteBehavior [ RunTime:0.000027s ]
INFO: [ app_init ] --END-- [ RunTime:0.002149s ]
ERR: 无法加载模块:User

[ 2018-06-01T15:04:02+08:00 ] ::1 /thinkphp_3.2.3_restful/user/
INFO: [ app_init ] --START--
INFO: Run Behavior\BuildLiteBehavior [ RunTime:0.000055s ]
INFO: [ app_init ] --END-- [ RunTime:0.000443s ]
ERR: 无法加载模块:User

[ 2018-06-01T15:04:03+08:00 ] ::1 /thinkphp_3.2.3_restful/user/1
INFO: [ app_init ] --START--
INFO: Run Behavior\BuildLiteBehavior [ RunTime:0.000013s ]
INFO: [ app_init ] --END-- [ RunTime:0.000309s ]
ERR: 无法加载模块:User

[ 2018-06-01T15:04:11+08:00 ] ::1 /thinkphp_3.2.3_restful/user/1
INFO: [ app_init ] --START--
INFO: Run Behavior\BuildLiteBehavior [ RunTime:0.000018s ]
INFO: [ app_init ] --END-- [ RunTime:0.000384s ]
ERR: 无法加载模块:User

