[ 2018-05-29T10:45:45+08:00 ] ::1 /thinkphp_3.2.3_restful/v1/user/1.json
INFO: [ app_init ] --START--
INFO: Run Behavior\BuildLiteBehavior [ RunTime:0.000016s ]
INFO: [ app_init ] --END-- [ RunTime:0.000417s ]
ERR: 无法加载模块:V1

[ 2018-05-29T10:47:46+08:00 ] ::1 /thinkphp_3.2.3_restful/v1/user/1.json
INFO: [ app_init ] --START--
INFO: Run Behavior\BuildLiteBehavior [ RunTime:0.000018s ]
INFO: [ app_init ] --END-- [ RunTime:0.000337s ]
ERR: 无法加载模块:V1

[ 2018-05-29T10:47:57+08:00 ] ::1 /thinkphp_3.2.3_restful/user/1.json
INFO: [ app_init ] --START--
INFO: Run Behavior\BuildLiteBehavior [ RunTime:0.000015s ]
INFO: [ app_init ] --END-- [ RunTime:0.000421s ]
ERR: 无法加载模块:User

[ 2018-05-29T10:48:05+08:00 ] ::1 /thinkphp_3.2.3_restful/user/1.json
INFO: [ app_init ] --START--
INFO: Run Behavior\BuildLiteBehavior [ RunTime:0.000015s ]
INFO: [ app_init ] --END-- [ RunTime:0.000317s ]
ERR: 无法加载模块:User

[ 2018-05-29T10:48:18+08:00 ] ::1 /thinkphp_3.2.3_restful/v1/user/1.json
INFO: [ app_init ] --START--
INFO: Run Behavior\BuildLiteBehavior [ RunTime:0.000014s ]
INFO: [ app_init ] --END-- [ RunTime:0.000311s ]
ERR: 无法加载模块:V1

[ 2018-05-29T10:48:36+08:00 ] ::1 /thinkphp_3.2.3_restful/v1/user/1.json
INFO: [ app_init ] --START--
INFO: Run Behavior\BuildLiteBehavior [ RunTime:0.000023s ]
INFO: [ app_init ] --END-- [ RunTime:0.000467s ]
ERR: 无法加载模块:V1

[ 2018-05-29T10:48:55+08:00 ] ::1 /thinkphp_3.2.3_restful/user/1.json
INFO: [ app_init ] --START--
INFO: Run Behavior\BuildLiteBehavior [ RunTime:0.000019s ]
INFO: [ app_init ] --END-- [ RunTime:0.000482s ]
ERR: 无法加载模块:User

[ 2018-05-29T11:00:51+08:00 ] ::1 /thinkphp_3.2.3_restful/read/id/3
INFO: [ app_init ] --START--
INFO: Run Behavior\BuildLiteBehavior [ RunTime:0.000034s ]
INFO: [ app_init ] --END-- [ RunTime:0.002019s ]
ERR: 无法加载模块:Read

[ 2018-05-29T11:07:15+08:00 ] ::1 /thinkphp_3.2.3_restful/read/id/3
INFO: [ app_init ] --START--
INFO: Run Behavior\BuildLiteBehavior [ RunTime:0.000028s ]
INFO: [ app_init ] --END-- [ RunTime:0.001851s ]
ERR: 无法加载模块:Read

[ 2018-05-29T11:07:19+08:00 ] ::1 /thinkphp_3.2.3_restful/user/1.xml
INFO: [ app_init ] --START--
INFO: Run Behavior\BuildLiteBehavior [ RunTime:0.000013s ]
INFO: [ app_init ] --END-- [ RunTime:0.000307s ]
ERR: 无法加载模块:User

[ 2018-05-29T11:17:23+08:00 ] ::1 /thinkphp_3.2.3_restful/v1/user/1.xml
INFO: [ app_init ] --START--
INFO: Run Behavior\BuildLiteBehavior [ RunTime:0.000018s ]
INFO: [ app_init ] --END-- [ RunTime:0.000373s ]
ERR: 无法加载模块:V1

[ 2018-05-29T11:21:41+08:00 ] ::1 /thinkphp_3.2.3_restful/v1/user/1.xml
INFO: [ app_init ] --START--
INFO: Run Behavior\BuildLiteBehavior [ RunTime:0.000013s ]
INFO: [ app_init ] --END-- [ RunTime:0.000318s ]
ERR: 无法加载模块:V1

[ 2018-05-29T11:22:53+08:00 ] ::1 /thinkphp_3.2.3_restful/v1/user/1.xml
INFO: [ app_init ] --START--
INFO: Run Behavior\BuildLiteBehavior [ RunTime:0.000024s ]
INFO: [ app_init ] --END-- [ RunTime:0.000423s ]
ERR: 无法加载模块:V1

[ 2018-05-29T11:22:56+08:00 ] ::1 /thinkphp_3.2.3_restful/v1/user/
INFO: [ app_init ] --START--
INFO: Run Behavior\BuildLiteBehavior [ RunTime:0.000013s ]
INFO: [ app_init ] --END-- [ RunTime:0.000314s ]
ERR: 无法加载模块:V1

[ 2018-05-29T11:23:01+08:00 ] ::1 /thinkphp_3.2.3_restful/v1
INFO: [ app_init ] --START--
INFO: Run Behavior\BuildLiteBehavior [ RunTime:0.000016s ]
INFO: [ app_init ] --END-- [ RunTime:0.000385s ]
ERR: 无法加载模块:V1

[ 2018-05-29T11:28:46+08:00 ] ::1 /thinkphp_3.2.3_restful/v1
INFO: [ app_init ] --START--
INFO: Run Behavior\BuildLiteBehavior [ RunTime:0.000030s ]
INFO: [ app_init ] --END-- [ RunTime:0.001851s ]
ERR: 无法加载模块:V1

[ 2018-05-29T11:55:21+08:00 ] ::1 /thinkphp_3.2.3_restful/user%EF%BC%8F1
INFO: [ app_init ] --START--
INFO: Run Behavior\BuildLiteBehavior [ RunTime:0.000034s ]
INFO: [ app_init ] --END-- [ RunTime:0.000849s ]
ERR: 无法加载模块:User／1

